<!DOCTYPE html>
<html>
<head>
    <!--
        ExtentReports Library 2.41.1 | http://relevantcodes.com/extentreports-for-selenium/ | https://github.com/anshooarora/
        Copyright (c) 2015, Anshoo Arora (Relevant Codes) | Copyrights licensed under the New BSD License | http://opensource.org/licenses/BSD-3-Clause
        Documentation: http://extentreports.relevantcodes.com
    -->

    <meta charset='UTF-8'/>
    <meta content='ExtentReports (by Anshoo Arora) is a reporting library for automation testing for .NET and Java. It creates detailed and beautiful HTML reports for modern browsers. ExtentReports shows test and step summary along with dashboards, system and environment details for quick analysis of your tests.'
          name='description'/>
    <meta content='noodp, noydir' name='robots'/>
    <meta content='width=device-width, initial-scale=1' name='viewport'/>
    <meta content='' id='extentx' name='extentx'/>

    <title>
        ExtentReports 2.0
    </title>


    <link href='https://fonts.googleapis.com/css?family=Source+Sans+Pro:400,600' rel='stylesheet' type='text/css'>
    <link href='https://cdn.rawgit.com/anshooarora/extentreports/6032d73243ba4fe4fb8769eb9c315d4fdf16fe68/cdn/extent.css'
          rel='stylesheet' type='text/css'/>

    <style>


    </style>
</head>


<body class='extent default standard hide-overflow'>
<!-- nav -->
<nav>
    <div class='logo-container blue darken-2'>
        <a class='logo-content' href='http://extentreports.relevantcodes.com'>
            <span>ExtentReports</span>
        </a>
        <a class='button-collapse hide-on-large-only' data-activates='slide-out' href='#'><i
                class='mdi-navigation-apps'></i></a>
    </div>
    <ul class='side-nav fixed hide-on-med-and-down' id='slide-out'>
        <li class='analysis waves-effect active'><a class='test-view' href='#!' onclick="_updateCurrentStage(0)"><i
                class='mdi-action-dashboard'></i>Test Details</a></li>
        <li class='analysis waves-effect'><a class='categories-view' href='#!' onclick="_updateCurrentStage(1)"><i
                class='mdi-maps-local-offer'></i>Categories</a></li>
        <li class='analysis waves-effect'>
            <a class='dashboard-view' href='#!' onclick="_updateCurrentStage(-1)"><i
                    class='mdi-action-track-changes'></i></i>Analysis</a>
        </li>
    </ul>
    <span class='report-name'>Automation Report</span> <span class='report-headline'></span>
    <ul class='right hide-on-med-and-down nav-right'>
        <li alt='Click to toggle dark theme. To enable by default, use js configuration $("body").addClass("dark");'
            class='theme-selector'
            title='Click to toggle dark theme. To enable by default, use js configuration $("body").addClass("dark");'>
            <i class='mdi-hardware-desktop-windows'></i>
        </li>
        <li>
            <span class='suite-started-time'>2020-12-28 15:49:42</span>
        </li>
        <li>
            <span>v2.41.1</span>
        </li>
    </ul>
</nav>
<!-- /nav -->

<!-- container -->
<div class='container'>

    <!-- dashboard -->
    <div class='row' id='dashboard-view'>
        <div class='time-totals'>
            <div class='col l2 m4 s6'>
                <div class='card suite-total-tests'>
                    <span class='panel-name'>Total Tests</span>
                    <span class='total-tests'> <span class='panel-lead'></span> </span>
                </div>
            </div>
            <div class='col l2 m4 s6'>
                <div class='card suite-total-steps'>
                    <span class='panel-name'>Total Steps</span>
                    <span class='total-steps'> <span class='panel-lead'></span> </span>
                </div>
            </div>
            <div class='col l2 m4 s12'>
                <div class='card suite-total-time-current'>
                    <span class='panel-name'>Total Time Taken (Current Run)</span>
                    <span class='suite-total-time-current-value panel-lead'>0h 0m 33s+644ms</span>
                </div>
            </div>
            <div class='col l2 m4 s12'>
                <div class='card suite-total-time-overall'>
                    <span class='panel-name'>Total Time Taken (Overall)</span>
                    <span class='suite-total-time-overall-value panel-lead'>0h 0m 33s+644ms</span>
                </div>
            </div>
            <div class='col l2 m4 s6 suite-start-time'>
                <div class='card accent green-accent'>
                    <span class='panel-name'>Start</span>
                    <span class='panel-lead suite-started-time'>2020-12-28 15:49:09</span>
                </div>
            </div>
            <div class='col l2 m4 s6 suite-end-time'>
                <div class='card accent pink-accent'>
                    <span class='panel-name'>End</span>
                    <span class='panel-lead suite-ended-time'>2020-12-28 15:49:42</span>
                </div>
            </div>
        </div>
        <div class='charts'>
            <div class='col s12 m6 l4 fh'>
                <div class='card-panel'>
                    <div>
                        <span class='panel-name'>Tests View</span>
                    </div>
                    <div class='panel-setting modal-trigger test-count-setting right'>
                        <a href='#test-count-setting'><i class='mdi-navigation-more-vert text-md'></i></a>
                    </div>
                    <div class='chart-box'>
                        <canvas class='text-centered' id='test-analysis'></canvas>
                    </div>
                    <div>
                        <span class='weight-light'><span
                                class='t-pass-count weight-normal'></span> test(s) passed</span>
                    </div>
                    <div>
                        <span class='weight-light'><span
                                class='t-fail-count weight-normal'></span> test(s) failed, <span
                                class='t-others-count weight-normal'></span> others</span>
                    </div>
                </div>
            </div>
            <div class='col s12 m6 l4 fh'>
                <div class='card-panel'>
                    <div>
                        <span class='panel-name'>Steps View</span>
                    </div>
                    <div class='panel-setting modal-trigger step-status-filter right'>
                        <a href='#step-status-filter'><i class='mdi-navigation-more-vert text-md'></i></a>
                    </div>
                    <div class='chart-box'>
                        <canvas class='text-centered' id='step-analysis'></canvas>
                    </div>
                    <div>
                        <span class='weight-light'><span
                                class='s-pass-count weight-normal'></span> step(s) passed </span>
                    </div>
                    <div>
                        <span class='weight-light'><span
                                class='s-fail-count weight-normal'></span> step(s) failed, <span
                                class='s-others-count weight-normal'></span> others</span>
                    </div>
                </div>
            </div>
            <div class='col s12 m12 l4 fh'>
                <div class='card-panel'>
                    <span class='panel-name'>Pass Percentage</span>
                    <span class='pass-percentage panel-lead'></span>
                    <div class='progress light-blue lighten-3'>
                        <div class='determinate light-blue'></div>
                    </div>
                </div>
            </div>
        </div>
        <div class='system-view'>
            <div class='col l4 m12 s12'>
                <div class='card-panel'>
                    <span class='label info outline right'>Environment</span>
                    <table>
                        <thead>
                        <tr>
                            <th>Param</th>
                            <th>Value</th>
                        </tr>
                        </thead>
                        <tbody>
                        <tr>
                            <td>User Name</td>
                            <td>My_User_Name</td>
                        </tr>
                        <tr>
                            <td>OS</td>
                            <td>Windows 10</td>
                        </tr>
                        <tr>
                            <td>Java Version</td>
                            <td>11.0.9</td>
                        </tr>
                        <tr>
                            <td>Host Name</td>
                            <td>My_Host_Name</td>
                        </tr>
                        <tr>
                            <td>Environment</td>
                            <td>QA</td>
                        </tr>
                        </tbody>
                    </table>
                </div>
            </div>
        </div>
        <div class='category-summary-view'>
            <div class='col l4 m6 s12'>
                <div class='card-panel'>
                    <span class='label info outline right'>Categories</span>
                    <table>
                        <thead>
                        <tr>
                            <th>Name</th>
                        </tr>
                        </thead>
                        <tbody>
                        <tr>
                            <td>
                                RegressionTests
                            </td>
                        </tr>
                        </tbody>
                    </table>
                </div>
            </div>
        </div>
    </div>
    <!-- /dashboard -->

    <!-- tests -->
    <div class='row _addedTable' id='test-view'>
        <div class='col _addedCell1'>
            <div class='contents'>
                <div class='card-panel heading'>
                    <h5>Tests</h5>
                </div>
                <div class='card-panel filters'>
                    <div>
                        <a class='dropdown-button btn-floating btn-small waves-effect waves-light grey tests-toggle'
                           data-activates='tests-toggle' data-beloworigin='true' data-constrainwidth='true'
                           data-hover='true' href='#'>
                            <i class='mdi-action-reorder'></i>
                        </a>
                        <ul class='dropdown-content' id='tests-toggle'>
                            <li class='pass'><a href='#!'>Pass</a></li>
                            <li class='fail'><a href='#!'>Fail</a></li>
                            <li class='skip'><a href='#!'>Skip</a></li>
                            <li class='divider'></li>
                            <li class='clear'><a href='#!'>Clear Filters</a></li>
                        </ul>
                    </div>
                    <div>
                        <a class='dropdown-button btn-floating btn-small waves-effect waves-light grey category-toggle'
                           data-activates='category-toggle' data-beloworigin='true' data-constrainwidth='false'
                           data-hover='true' href='#'>
                            <i class='mdi-maps-local-offer'></i>
                        </a>
                        <ul class='dropdown-content' id='category-toggle'>
                            <li class='RegressionTests'><a href='#!'>RegressionTests</a></li>
                            <li class='divider'></li>
                            <li class='clear'><a href='#!'>Clear Filters</a></li>
                        </ul>
                    </div>
                    <div>
                        <a alt='Clear Filters' class='btn-floating btn-small waves-effect waves-light grey'
                           id='clear-filters' title='Clear Filters'>
                            <i class='mdi-navigation-close'></i>
                        </a>
                    </div>
                    <div>
                        <a alt='Enable Dashboard' class='btn-floating btn-small waves-effect waves-light grey'
                           id='enableDashboard' title='Enable Dashboard'>
                            <i class='mdi-action-track-changes'></i>
                        </a>
                    </div>
                    <div>
                        <a alt='Refresh Charts on Filters'
                           class='btn-floating btn-small waves-effect waves-light blue enabled'
                           id='refreshCharts' title='Refresh Charts on Filters'>
                            <i class='mdi-navigation-refresh'></i>
                        </a>
                    </div>
                    <div alt='Search Tests' class='search' title='Search Tests'>
                        <div class='input-field left'>
                            <input class='validate' id='searchTests' placeholder='Search Tests...' type='text'>
                        </div>
                        <a class='btn-floating btn-small waves-effect waves-light grey' href="#">
                            <i class='mdi-action-search'></i>
                        </a>
                    </div>
                </div>
                <div class='card-panel no-padding-h no-padding-v no-margin-v'>
                    <div class='wrapper'>
                        <ul class='test-collection' id='test-collection'>
                            <li class='collection-item test displayed active fail '
                                extentid='896597ac-51cb-443f-a46c-de913cb5706a'>
                                <div class='test-head'>
                                    <span class='test-name'>validateUserUnableToLogInWithInvalidCredentials </span>
                                    <span class='test-status label right outline capitalize fail'>fail</span>
                                    <span class='category-assigned hide  regressiontests'></span>
                                </div>
                                <div class='test-body'>
                                    <div class='test-info'>
                                        <span alt='Test started time'
                                              class='test-started-time label green lighten-1 text-white'
                                              title='Test started time'>2020-12-28 15:49:17</span>
                                        <span alt='Test ended time'
                                              class='test-ended-time label red lighten-1 text-white'
                                              title='Test ended time'>2020-12-28 15:49:41</span>
                                        <span alt='Time taken to finish'
                                              class='test-time-taken label blue-grey lighten-3 text-white'
                                              title='Time taken to finish'>0h 0m 24s+358ms</span>
                                    </div>
                                    <div class='test-desc'></div>
                                    <div class='test-attributes'>
                                        <div class='categories'>
                                            <span class='category text-white'>RegressionTests</span>
                                        </div>
                                    </div>
                                    <div class='test-steps'>
                                        <table class='bordered table-results'>
                                            <thead>
                                            <tr>
                                                <th>Status</th>
                                                <th>Timestamp</th>
                                                <th>Details</th>
                                            </tr>
                                            </thead>
                                            <tbody>
                                            <tr>
                                                <td alt='info' class='status info' title='info'><i
                                                        class='mdi-action-info-outline'></i></td>
                                                <td class='timestamp'>15:49:18</td>
                                                <td class='step-details'>Clicked on Account<br></td>
                                            </tr>
                                            <tr>
                                                <td alt='info' class='status info' title='info'><i
                                                        class='mdi-action-info-outline'></i></td>
                                                <td class='timestamp'>15:49:20</td>
                                                <td class='step-details'>Entered Username<br></td>
                                            </tr>
                                            <tr>
                                                <td alt='info' class='status info' title='info'><i
                                                        class='mdi-action-info-outline'></i></td>
                                                <td class='timestamp'>15:49:21</td>
                                                <td class='step-details'>Entered Password<br></td>
                                            </tr>
                                            <tr>
                                                <td alt='fail' class='status fail' title='fail'><i
                                                        class='mdi-navigation-cancel'></i></td>
                                                <td class='timestamp'>15:49:41</td>
                                                <td class='step-details'>TEST CASE FAILED :
                                                    validateUserUnableToLogInWithInvalidCredentials ::
                                                    org.openqa.selenium.NoSuchElementException: An element could not be
                                                    located on the page using the given search parameters. (WARNING: The
                                                    server did not provide any stacktrace information)
                                                    Command duration or timeout: 20.16 seconds
                                                    For documentation on this error, please visit:
                                                    http://seleniumhq.org/exceptions/no_such_element.html
                                                    Build info: version: '2.46.0', revision:
                                                    '61506a4624b13675f24581e453592342b7485d71', time: '2015-06-04
                                                    10:22:50'
                                                    System info: host: 'DESKTOP-U2R4C20', ip: '192.168.1.103', os.name:
                                                    'Windows 10', os.arch: 'amd64', os.version: '10.0', java.version:
                                                    '11.0.9'
                                                    Driver info: io.appium.java_client.android.AndroidDriver
                                                    Capabilities [{appPackage=com.tdbank, deviceScreenSize=1080x2316,
                                                    networkConnectionEnabled=true, statBarHeight=67, warnings={},
                                                    viewportRect={top=67, left=0, width=1080, height=2182},
                                                    databaseEnabled=false, deviceName=R5CN8020R0Y, platform=LINUX,
                                                    deviceUDID=R5CN8020R0Y,
                                                    appActivity=com.td.dcts.android.us.app.SplashScreenActivity,
                                                    desired={appPackage=com.tdbank,
                                                    appActivity=com.td.dcts.android.us.app.SplashScreenActivity,
                                                    platformVersion=10, udid=R5CN8020R0Y, platformName=Android},
                                                    platformVersion=10, pixelRatio=2.625, webStorageEnabled=false,
                                                    locationContextEnabled=false, takesScreenshot=true,
                                                    javascriptEnabled=true, deviceScreenDensity=420,
                                                    deviceModel=SM-N986U1, udid=R5CN8020R0Y, platformName=Android,
                                                    deviceApiLevel=29, deviceManufacturer=samsung}]
                                                    Session ID: ab1d962d-7686-4f6d-b47f-92f925dbb1bd
                                                    *** Element info: {Using=xpath,
                                                    value=//android.widget.Button[@content-desc='Log in']}
                                                    at
                                                    java.base/jdk.internal.reflect.NativeConstructorAccessorImpl.newInstance0(Native
                                                    Method)
                                                    at
                                                    java.base/jdk.internal.reflect.NativeConstructorAccessorImpl.newInstance(NativeConstructorAccessorImpl.java:62)
                                                    at
                                                    java.base/jdk.internal.reflect.DelegatingConstructorAccessorImpl.newInstance(DelegatingConstructorAccessorImpl.java:45)
                                                    at
                                                    java.base/java.lang.reflect.Constructor.newInstance(Constructor.java:490)
                                                    at
                                                    org.openqa.selenium.remote.ErrorHandler.createThrowable(ErrorHandler.java:204)
                                                    at
                                                    org.openqa.selenium.remote.ErrorHandler.throwIfResponseFailed(ErrorHandler.java:156)
                                                    at
                                                    org.openqa.selenium.remote.RemoteWebDriver.execute(RemoteWebDriver.java:605)
                                                    at
                                                    io.appium.java_client.DefaultGenericMobileDriver.execute(DefaultGenericMobileDriver.java:27)
                                                    at io.appium.java_client.AppiumDriver.execute(AppiumDriver.java:1)
                                                    at
                                                    io.appium.java_client.android.AndroidDriver.execute(AndroidDriver.java:1)
                                                    at
                                                    org.openqa.selenium.remote.RemoteWebDriver.findElement(RemoteWebDriver.java:358)
                                                    at
                                                    org.openqa.selenium.remote.RemoteWebDriver.findElementByXPath(RemoteWebDriver.java:455)
                                                    at
                                                    io.appium.java_client.DefaultGenericMobileDriver.findElementByXPath(DefaultGenericMobileDriver.java:99)
                                                    at
                                                    io.appium.java_client.AppiumDriver.findElementByXPath(AppiumDriver.java:1)
                                                    at
                                                    io.appium.java_client.android.AndroidDriver.findElementByXPath(AndroidDriver.java:1)
                                                    at org.openqa.selenium.By$ByXPath.findElement(By.java:358)
                                                    at
                                                    org.openqa.selenium.remote.RemoteWebDriver.findElement(RemoteWebDriver.java:350)
                                                    at
                                                    io.appium.java_client.DefaultGenericMobileDriver.findElement(DefaultGenericMobileDriver.java:37)
                                                    at
                                                    io.appium.java_client.AppiumDriver.findElement(AppiumDriver.java:1)
                                                    at
                                                    io.appium.java_client.android.AndroidDriver.findElement(AndroidDriver.java:1)
                                                    at
                                                    org.openqa.selenium.support.pagefactory.DefaultElementLocator.findElement(DefaultElementLocator.java:69)
                                                    at
                                                    org.openqa.selenium.support.pagefactory.internal.LocatingElementHandler.invoke(LocatingElementHandler.java:38)
                                                    at com.sun.proxy.$Proxy13.click(Unknown Source)
                                                    at
                                                    android.pages.LoginPage.userUnableToLoginWithInvalidCredentials(LoginPage.java:37)
                                                    at
                                                    android.tests.RegressionTests.validateUserUnableToLogInWithInvalidCredentials(RegressionTests.java:89)
                                                    at
                                                    java.base/jdk.internal.reflect.NativeMethodAccessorImpl.invoke0(Native
                                                    Method)
                                                    at
                                                    java.base/jdk.internal.reflect.NativeMethodAccessorImpl.invoke(NativeMethodAccessorImpl.java:62)
                                                    at
                                                    java.base/jdk.internal.reflect.DelegatingMethodAccessorImpl.invoke(DelegatingMethodAccessorImpl.java:43)
                                                    at java.base/java.lang.reflect.Method.invoke(Method.java:566)
                                                    at
                                                    org.testng.internal.MethodInvocationHelper.invokeMethod(MethodInvocationHelper.java:134)
                                                    at
                                                    org.testng.internal.TestInvoker.invokeMethod(TestInvoker.java:597)
                                                    at
                                                    org.testng.internal.TestInvoker.invokeTestMethod(TestInvoker.java:173)
                                                    at
                                                    org.testng.internal.MethodRunner.runInSequence(MethodRunner.java:46)
                                                    at
                                                    org.testng.internal.TestInvoker$MethodInvocationAgent.invoke(TestInvoker.java:816)
                                                    at
                                                    org.testng.internal.TestInvoker.invokeTestMethods(TestInvoker.java:146)
                                                    at
                                                    org.testng.internal.TestMethodWorker.invokeTestMethods(TestMethodWorker.java:146)
                                                    at
                                                    org.testng.internal.TestMethodWorker.run(TestMethodWorker.java:128)
                                                    at java.base/java.util.ArrayList.forEach(ArrayList.java:1541)
                                                    at org.testng.TestRunner.privateRun(TestRunner.java:766)
                                                    at org.testng.TestRunner.run(TestRunner.java:587)
                                                    at org.testng.SuiteRunner.runTest(SuiteRunner.java:384)
                                                    at org.testng.SuiteRunner.runSequentially(SuiteRunner.java:378)
                                                    at org.testng.SuiteRunner.privateRun(SuiteRunner.java:337)
                                                    at org.testng.SuiteRunner.run(SuiteRunner.java:286)
                                                    at org.testng.SuiteRunnerWorker.runSuite(SuiteRunnerWorker.java:53)
                                                    at org.testng.SuiteRunnerWorker.run(SuiteRunnerWorker.java:96)
                                                    at org.testng.TestNG.runSuitesSequentially(TestNG.java:1187)
                                                    at org.testng.TestNG.runSuitesLocally(TestNG.java:1109)
                                                    at org.testng.TestNG.runSuites(TestNG.java:1039)
                                                    at org.testng.TestNG.run(TestNG.java:1007)
                                                    at
                                                    org.apache.maven.surefire.testng.TestNGExecutor.run(TestNGExecutor.java:283)
                                                    at
                                                    org.apache.maven.surefire.testng.TestNGXmlTestSuite.execute(TestNGXmlTestSuite.java:75)
                                                    at
                                                    org.apache.maven.surefire.testng.TestNGProvider.invoke(TestNGProvider.java:120)
                                                    at
                                                    org.apache.maven.surefire.booter.ForkedBooter.invokeProviderInSameClassLoader(ForkedBooter.java:384)
                                                    at
                                                    org.apache.maven.surefire.booter.ForkedBooter.runSuitesInProcess(ForkedBooter.java:345)
                                                    at
                                                    org.apache.maven.surefire.booter.ForkedBooter.execute(ForkedBooter.java:126)
                                                    at
                                                    org.apache.maven.surefire.booter.ForkedBooter.main(ForkedBooter.java:418)
                                                </td>
                                            </tr>
                                            </tbody>
                                        </table>
                                        <ul class='collapsible node-list' data-collapsible='accordion'>
                                        </ul>
                                    </div>
                                </div>
                            </li>
                        </ul>
                    </div>
                </div>
            </div>
        </div>
        <div class='col _addedCell2' id='test-details-wrapper'>
            <div class='contents'>
                <div class='card-panel details-view'>
                    <h5 class='details-name'></h5>
                    <div class='step-filters right'>
                        <span alt='info' class='btn-floating btn-small waves-effect waves-light blue' status='info'
                              title='info'><i class='mdi-action-info-outline'></i></span>
                        <span alt='pass' class='btn-floating btn-small waves-effect waves-light green' status='pass'
                              title='pass'><i class='mdi-action-check-circle'></i></span>
                        <span alt='fail' class='btn-floating btn-small waves-effect waves-light red' status='fail'
                              title='fail'><i class='mdi-navigation-cancel'></i></span>
                        <span alt='fatal' class='btn-floating btn-small waves-effect waves-light red darken-4'
                              status='fatal' title='fatal'><i class='mdi-navigation-cancel'></i></span>
                        <span alt='error' class='btn-floating btn-small waves-effect waves-light red lighten-2'
                              status='error' title='error'><i class='mdi-alert-error'></i></span>
                        <span alt='warning' class='btn-floating btn-small waves-effect waves-light orange'
                              status='warning' title='warning'><i class='mdi-alert-warning'></i></span>
                        <span alt='skip' class='btn-floating btn-small waves-effect waves-light cyan' status='skip'
                              title='skip'><i class='mdi-content-redo'></i></span>
                        <span alt='Clear filters'
                              class='btn-floating btn-small waves-effect waves-light grey darken-2'
                              status='clear-step-filter' title='Clear filters'><i
                                class='mdi-content-clear'></i></span>
                    </div>
                    <div class='details-container'>
                    </div>
                </div>
            </div>
        </div>
    </div>
    <!-- /tests -->

    <!-- categories -->
    <div class='row _addedTable hide' id='categories-view'>
        <div class='col _addedCell1'>
            <div class='contents'>
                <div class='card-panel heading'>
                    <h5>Categories</h5>
                </div>
                <div class='card-panel filters'>
                    <div alt='Search tests' class='search' title='Search tests'>
                        <div class='input-field left'>
                            <input class='validate' id='searchTests' placeholder='Search...' type='text'>
                        </div>
                        <a class='btn-floating btn-small waves-effect waves-light blue lighten-1' href="#">
                            <i class='mdi-action-search'></i>
                        </a>
                    </div>
                </div>
                <div class='card-panel no-padding-h no-padding-v'>
                    <div class='wrapper'>
                        <ul class='cat-collection' id='cat-collection'>
                            <li class='category-item displayed'>
                                <div class='cat-head'>
                                    <span class='category-name'>RegressionTests</span>
                                </div>
                                <div class='category-status-counts'>
                                    <span class='fail label dot'>Fail: 1</span>
                                </div>
                                <div class='cat-body'>
                                    <div class='category-status-counts'>
                                        <div class='button-group'>
                                            <a class='pass label filter' href='#!'>Pass <span class='icon'>0</span></a>
                                            <a class='fail label filter' href='#!'>Fail <span class='icon'>1</span></a>
                                            <a class='other label filter' href='#!'>Others <span
                                                    class='icon'>0</span></a>
                                        </div>
                                    </div>
                                    <div class='cat-tests'>
                                        <table class='bordered'>
                                            <thead>
                                            <tr>
                                                <th>RunDate</th>
                                                <th>Test Name</th>
                                                <th>Status</th>
                                            </tr>
                                            </thead>
                                            <tbody>
                                            <tr class='fail'>
                                                <td>2020-12-28 15:49:17</td>
                                                <td><span class='category-link linked'
                                                          extentid='896597ac-51cb-443f-a46c-de913cb5706a'>validateUserUnableToLogInWithInvalidCredentials</span>
                                                </td>
                                                <td>
                                                    <div class='status label capitalize fail'>fail</div>
                                                </td>
                                            </tr>
                                            <tbody>
                                        </table>
                                    </div>
                                </div>
                            </li>
                        </ul>
                    </div>
                </div>
            </div>
        </div>
        <div class='col _addedCell2' id='cat-details-wrapper'>
            <div class='contents'>
                <div class='card-panel details-view'>
                    <h5 class='cat-name'></h5>
                    <div class='cat-container'>
                    </div>
                </div>
            </div>
        </div>
    </div>
    <!-- /categories -->

    <!-- exceptions -->
    <!-- /exceptions -->

    <!-- testrunner logs -->
    <!-- /testrunner logs -->

</div>
<!-- /container -->

<!-- test dashboard counts setting -->
<div class='modal bottom-sheet' id='test-count-setting'>
    <div class='modal-content'>
        <h5>Configure Tests Count Setting</h5>
        <input class='with-gap' id='parentWithoutNodes' name='test-count-setting' type='radio'>
        <label for='parentWithoutNodes'>Parent Tests Only (Does not include child nodes in counts)</label>
        <br>
        <input class='with-gap' id='parentWithoutNodesAndNodes' name='test-count-setting' type='radio'>
        <label for='parentWithoutNodesAndNodes'>Parent Tests Without Child Tests + Child Tests</label>
        <br>
        <input class='with-gap' id='childNodes' name='test-count-setting' type='radio'>
        <label for='childNodes'>Child Tests Only</label>
    </div>
    <div class='modal-footer'>
        <a class='modal-action modal-close waves-effect waves-green btn' href='#!'>Save</a>
    </div>
</div>
<!-- /test dashboard counts setting -->

<!-- filter for step status -->
<div class='modal bottom-sheet' id='step-status-filter'>
    <div class='modal-content'>
        <h5>Select status</h5>
        <input checked class='filled-in' id='step-dashboard-filter-pass' type='checkbox'>
        <label for='step-dashboard-filter-pass'>Pass</label>
        <br>
        <input checked class='filled-in' id='step-dashboard-filter-fail' type='checkbox'>
        <label for='step-dashboard-filter-fail'>Fail</label>
        <br>
        <input checked class='filled-in' id='step-dashboard-filter-fatal' type='checkbox'>
        <label for='step-dashboard-filter-fatal'>Fatal</label>
        <br>
        <input checked class='filled-in' id='step-dashboard-filter-error' type='checkbox'>
        <label for='step-dashboard-filter-error'>Error</label>
        <br>
        <input checked class='filled-in' id='step-dashboard-filter-warning' type='checkbox'>
        <label for='step-dashboard-filter-warning'>Warning</label>
        <br>
        <input checked class='filled-in' id='step-dashboard-filter-skip' type='checkbox'>
        <label for='step-dashboard-filter-skip'>Skipped</label>
        <br>
        <input checked class='filled-in' id='step-dashboard-filter-info' type='checkbox'>
        <label for='step-dashboard-filter-info'>Info</label>
        <br>
        <input checked class='filled-in' id='step-dashboard-filter-unknown' type='checkbox'>
        <label for='step-dashboard-filter-unknown'>Unknown</label>
    </div>
    <div class='modal-footer'>
        <a class='modal-action modal-close waves-effect waves-green btn' href='#!'>Save</a>
    </div>
</div>
<!-- /filter for step status -->

<script src='https://cdn.rawgit.com/anshooarora/extentreports/6032d73243ba4fe4fb8769eb9c315d4fdf16fe68/cdn/extent.js'
        type='text/javascript'></script>

<script>$(document).ready(function() { $('.logo span').html('ExtentReports'); });</script>
<script>
				
            
                $(document).ready(function() {
                    
                });
            
        


</script>
</body>
</html>
